<?xml version="1.0" encoding="UTF-8"?>
<!-- Generated by org.testng.reporters.JUnitXMLReporter -->
<testsuite ignored="5" hostname="LX-BLR-LT-009" failures="0" tests="2" name="Default test" time="19.818" errors="0" timestamp="2025-03-21T16:31:30 IST">
  <testcase classname="LinkCxOWeb.TestCase.WebTestCases" name="loginviaMobileNumber" time="11.258"/>
  <testcase classname="LinkCxOWeb.TestCase.WebTestCases" name="CreatEvent" time="3.166"/>
  <testcase classname="LinkCxOWeb.TestCase.WebTestCases" name="CreateQuery" time="0.0">
    <ignored/>
  </testcase> <!-- CreateQuery -->
  <testcase classname="LinkCxOWeb.TestCase.WebTestCases" name="CreateArticle" time="0.0">
    <ignored/>
  </testcase> <!-- CreateArticle -->
  <testcase classname="LinkCxOWeb.TestCase.WebTestCases" name="CreatePost" time="0.0">
    <ignored/>
  </testcase> <!-- CreatePost -->
  <testcase classname="LinkCxOWeb.TestCase.WebTestCases" name="CreatePoll" time="0.0">
    <ignored/>
  </testcase> <!-- CreatePoll -->
  <testcase classname="LinkCxOWeb.TestCase.WebTestCases" name="CreateJob" time="0.0">
    <ignored/>
  </testcase> <!-- CreateJob -->
</testsuite> <!-- Default test -->
