<?xml version="1.0" encoding="UTF-8"?>
<!-- Generated by org.testng.reporters.JUnitXMLReporter -->
<testsuite ignored="1" hostname="LX-BLR-LT-009" failures="0" tests="2" name="Test" time="31.89" errors="0" timestamp="2025-03-12T10:39:48 IST">
  <testcase classname="LinkCxOWeb.TestCase.WebTestCases" name="loginviaMobileNumber" time="16.467"/>
  <testcase classname="LinkCxOWeb.TestCase.WebTestCases" name="CreateArticle" time="12.064"/>
  <testcase classname="LinkCxOWeb.TestCase.WebTestCases" name="CreatePost" time="0.0">
    <ignored/>
  </testcase> <!-- CreatePost -->
</testsuite> <!-- Test -->
