<?xml version="1.0" encoding="UTF-8"?>
<testng-results ignored="4" total="6" passed="2" failed="0" skipped="0">
  <reporter-output>
  </reporter-output>
  <suite started-at="2025-03-19T14:51:56 IST" name="Default suite" finished-at="2025-03-19T14:52:20 IST" duration-ms="23777">
    <groups>
    </groups>
    <test started-at="2025-03-19T14:51:56 IST" name="Default test" finished-at="2025-03-19T14:52:20 IST" duration-ms="23777">
      <class name="LinkCxOWeb.TestCase.WebTestCases">
        <test-method is-config="true" signature="setUp()[pri:0, instance:LinkCxOWeb.TestCase.WebTestCases@428640fa]" started-at="2025-03-19T14:51:56 IST" name="setUp" finished-at="2025-03-19T14:51:59 IST" duration-ms="2685" status="PASS">
          <reporter-output>
          </reporter-output>
        </test-method> <!-- setUp -->
        <test-method signature="loginviaMobileNumber()[pri:1, instance:LinkCxOWeb.TestCase.WebTestCases@428640fa]" started-at="2025-03-19T14:51:59 IST" name="loginviaMobileNumber" finished-at="2025-03-19T14:52:15 IST" duration-ms="16470" status="PASS">
          <reporter-output>
          </reporter-output>
        </test-method> <!-- loginviaMobileNumber -->
        <test-method signature="CreateJob()[pri:6, instance:LinkCxOWeb.TestCase.WebTestCases@428640fa]" started-at="2025-03-19T14:52:15 IST" name="CreateJob" finished-at="2025-03-19T14:52:19 IST" duration-ms="4167" status="PASS">
          <reporter-output>
          </reporter-output>
        </test-method> <!-- CreateJob -->
        <test-method is-config="true" signature="teardown()[pri:0, instance:LinkCxOWeb.TestCase.WebTestCases@428640fa]" started-at="2025-03-19T14:52:19 IST" name="teardown" finished-at="2025-03-19T14:52:20 IST" duration-ms="415" status="FAIL">
          <exception class="java.lang.NullPointerException">
            <message>
              <![CDATA[Cannot invoke "org.openqa.selenium.WebDriver.quit()" because "LinkCxOWeb.TestCase.WebTestCases.driver" is null]]>
            </message>
            <full-stacktrace>
              <![CDATA[java.lang.NullPointerException: Cannot invoke "org.openqa.selenium.WebDriver.quit()" because "LinkCxOWeb.TestCase.WebTestCases.driver" is null
at LinkCxOWeb.TestCase.WebTestCases.teardown(WebTestCases.java:237)
at java.base/jdk.internal.reflect.NativeMethodAccessorImpl.invoke0(Native Method)
at java.base/jdk.internal.reflect.NativeMethodAccessorImpl.invoke(NativeMethodAccessorImpl.java:77)
at java.base/jdk.internal.reflect.DelegatingMethodAccessorImpl.invoke(DelegatingMethodAccessorImpl.java:43)
at java.base/java.lang.reflect.Method.invoke(Method.java:569)
at org.testng.internal.MethodInvocationHelper.invokeMethod(MethodInvocationHelper.java:133)
at org.testng.internal.MethodInvocationHelper.invokeMethodConsideringTimeout(MethodInvocationHelper.java:62)
at org.testng.internal.ConfigInvoker.invokeConfigurationMethod(ConfigInvoker.java:385)
at org.testng.internal.ConfigInvoker.invokeConfigurations(ConfigInvoker.java:321)
at org.testng.TestRunner.invokeTestConfigurations(TestRunner.java:637)
at org.testng.TestRunner.afterRun(TestRunner.java:877)
at org.testng.TestRunner.run(TestRunner.java:599)
at org.testng.SuiteRunner.runTest(SuiteRunner.java:377)
at org.testng.SuiteRunner.runSequentially(SuiteRunner.java:371)
at org.testng.SuiteRunner.privateRun(SuiteRunner.java:332)
at org.testng.SuiteRunner.run(SuiteRunner.java:276)
at org.testng.SuiteRunnerWorker.runSuite(SuiteRunnerWorker.java:53)
at org.testng.SuiteRunnerWorker.run(SuiteRunnerWorker.java:96)
at org.testng.TestNG.runSuitesSequentially(TestNG.java:1212)
at org.testng.TestNG.runSuitesLocally(TestNG.java:1134)
at org.testng.TestNG.runSuites(TestNG.java:1063)
at org.testng.TestNG.run(TestNG.java:1031)
at org.testng.remote.AbstractRemoteTestNG.run(AbstractRemoteTestNG.java:115)
at org.testng.remote.RemoteTestNG.initAndRun(RemoteTestNG.java:293)
at org.testng.remote.RemoteTestNG.main(RemoteTestNG.java:91)
]]>
            </full-stacktrace>
          </exception> <!-- java.lang.NullPointerException -->
          <reporter-output>
          </reporter-output>
        </test-method> <!-- teardown -->
      </class> <!-- LinkCxOWeb.TestCase.WebTestCases -->
    </test> <!-- Default test -->
  </suite> <!-- Default suite -->
</testng-results>
